<?xml version="1.0" encoding="UTF-8"?>
<!-- Generated by org.testng.reporters.JUnitXMLReporter -->
<testsuite ignored="0" hostname="USHYDHLIHOR5" failures="0" tests="11" name="Test" time="271.948" errors="0" timestamp="2023-03-03T13:41:35 IST">
  <testcase classname="LUMAeCommerce.CreateAccount" name="newAcc" time="23.038"/>
  <testcase classname="LUMAeCommerce.Login" name="loggingIn" time="18.074"/>
  <testcase classname="LUMAeCommerce.Logout" name="loggingOut" time="19.323"/>
  <testcase classname="LUMAeCommerce.Unsubscribe" name="unsubLUMA" time="22.82"/>
  <testcase classname="LUMAeCommerce.Subscribe" name="subToLUMA" time="25.031"/>
  <testcase classname="LUMAeCommerce.EditAccount" name="editAccountInfo" time="25.505"/>
  <testcase classname="LUMAeCommerce.AddToCart" name="add2Cart" time="23.208"/>
  <testcase classname="LUMAeCommerce.AddToWishlist" name="add2Wishlist" time="30.102"/>
  <testcase classname="LUMAeCommerce.WishlistToCart" name="wishlist2Cart" time="30.958"/>
  <testcase classname="LUMAeCommerce.DeleteFromCart" name="deleteDelete" time="29.165"/>
  <testcase classname="LUMAeCommerce.ForgotPassword" name="forgotPass" time="24.643"/>
</testsuite> <!-- Test -->
