<?xml version="1.0" encoding="UTF-8"?>
<testng-results ignored="0" total="1" passed="1" failed="0" skipped="0">
  <reporter-output>
  </reporter-output>
  <suite started-at="2023-03-06T13:30:14 IST" name="Default suite" finished-at="2023-03-06T13:30:42 IST" duration-ms="28165">
    <groups>
    </groups>
    <test started-at="2023-03-06T13:30:14 IST" name="Default test" finished-at="2023-03-06T13:30:42 IST" duration-ms="28165">
      <class name="LUMAeCommerce.ForgotPassword">
        <test-method signature="forgotPass()[pri:0, instance:LUMAeCommerce.ForgotPassword@4550bb58]" started-at="2023-03-06T13:30:14 IST" name="forgotPass" finished-at="2023-03-06T13:30:42 IST" duration-ms="28130" status="PASS">
          <reporter-output>
          </reporter-output>
        </test-method> <!-- forgotPass -->
      </class> <!-- LUMAeCommerce.ForgotPassword -->
    </test> <!-- Default test -->
  </suite> <!-- Default suite -->
</testng-results>
